<?xml version="1.0" encoding="UTF-8"?>
<!-- Generated by org.testng.reporters.JUnitXMLReporter -->
<testsuite ignored="0" hostname="PC1145151" failures="0" tests="3" name="Default test" time="0.025" errors="0" timestamp="15 Feb 2025 13:08:27 GMT">
  <testcase classname="com.nopcommerce.user.User_01_Register" name="TC_01" time="0.005"/>
  <testcase classname="com.nopcommerce.user.User_01_Register" name="TC_02" time="0.001"/>
  <testcase classname="com.nopcommerce.user.User_01_Register" name="TC_03" time="0.0"/>
</testsuite> <!-- Default test -->
