<?xml version="1.0" encoding="UTF-8"?>
<testng-results ignored="0" total="3" passed="3" failed="0" skipped="0">
  <reporter-output>
  </reporter-output>
  <suite started-at="2025-02-15T13:08:27Z" name="Default suite" finished-at="2025-02-15T13:08:27Z" duration-ms="25">
    <groups>
    </groups>
    <test started-at="2025-02-15T13:08:27Z" name="Default test" finished-at="2025-02-15T13:08:27Z" duration-ms="25">
      <class name="com.nopcommerce.user.User_01_Register">
        <test-method is-config="true" signature="beforeClass()[pri:0, instance:com.nopcommerce.user.User_01_Register@18271936]" started-at="2025-02-15T13:08:27Z" name="beforeClass" finished-at="2025-02-15T13:08:27Z" duration-ms="6" status="PASS">
          <reporter-output>
          </reporter-output>
        </test-method> <!-- beforeClass -->
        <test-method signature="TC_01()[pri:0, instance:com.nopcommerce.user.User_01_Register@18271936]" started-at="2025-02-15T13:08:27Z" name="TC_01" finished-at="2025-02-15T13:08:27Z" duration-ms="5" status="PASS">
          <reporter-output>
          </reporter-output>
        </test-method> <!-- TC_01 -->
        <test-method signature="TC_02()[pri:0, instance:com.nopcommerce.user.User_01_Register@18271936]" started-at="2025-02-15T13:08:27Z" name="TC_02" finished-at="2025-02-15T13:08:27Z" duration-ms="1" status="PASS">
          <reporter-output>
          </reporter-output>
        </test-method> <!-- TC_02 -->
        <test-method signature="TC_03()[pri:0, instance:com.nopcommerce.user.User_01_Register@18271936]" started-at="2025-02-15T13:08:27Z" name="TC_03" finished-at="2025-02-15T13:08:27Z" duration-ms="0" status="PASS">
          <reporter-output>
          </reporter-output>
        </test-method> <!-- TC_03 -->
        <test-method is-config="true" signature="afterClass()[pri:0, instance:com.nopcommerce.user.User_01_Register@18271936]" started-at="2025-02-15T13:08:27Z" name="afterClass" finished-at="2025-02-15T13:08:27Z" duration-ms="0" status="PASS">
          <reporter-output>
          </reporter-output>
        </test-method> <!-- afterClass -->
      </class> <!-- com.nopcommerce.user.User_01_Register -->
    </test> <!-- Default test -->
  </suite> <!-- Default suite -->
</testng-results>
