<?xml version="1.0" encoding="UTF-8"?>
<!-- Generated by org.testng.reporters.JUnitReportReporter -->
<testsuite hostname="PC1145151" failures="0" tests="3" name="com.nopcommerce.user.User_01_Register" time="0.006" errors="0" timestamp="15 Feb 2025 13:08:27 GMT" skipped="0">
  <testcase classname="com.nopcommerce.user.User_01_Register" name="TC_01" time="0.005"/>
  <testcase classname="com.nopcommerce.user.User_01_Register" name="TC_03" time="0.000"/>
  <testcase classname="com.nopcommerce.user.User_01_Register" name="TC_02" time="0.001"/>
</testsuite> <!-- com.nopcommerce.user.User_01_Register -->
