<?xml version="1.0" encoding="UTF-8"?>
<!-- Generated by org.testng.reporters.JUnitReportReporter -->
<testsuite hostname="PC1145151" failures="0" tests="2" name="com.nopcommerce.user.User_01_Register" time="1.728" errors="0" timestamp="27 Feb 2025 14:17:32 GMT" skipped="0">
  <testcase classname="com.nopcommerce.user.User_01_Register" name="TC_01_Register_Empty_Data" time="1.327"/>
  <testcase classname="com.nopcommerce.user.User_01_Register" name="TC_01_Register_Empty_Data" time="0.401"/>
</testsuite> <!-- com.nopcommerce.user.User_01_Register -->
